#
# There is insufficient memory for the Java Runtime Environment to continue.
# Native memory allocation (mmap) failed to map 266338304 bytes for Failed to commit area from 0x0000000702600000 to 0x0000000712400000 of length 266338304.
# Possible reasons:
#   The system is out of physical RAM or swap space
#   The process is running with CompressedOops enabled, and the Java Heap may be blocking the growth of the native heap
# Possible solutions:
#   Reduce memory load on the system
#   Increase physical memory or swap space
#   Check if swap backing store is full
#   Decrease Java heap size (-Xmx/-Xms)
#   Decrease number of Java threads
#   Decrease Java thread stack sizes (-Xss)
#   Set larger code cache with -XX:ReservedCodeCacheSize=
#   JVM is running with Zero Based Compressed Oops mode in which the Java heap is
#     placed in the first 32GB address space. The Java Heap base address is the
#     maximum limit for the native heap growth. Please use -XX:HeapBaseMinAddress
#     to set the Java Heap base and to place the Java Heap above 32GB virtual address.
# This output file may be truncated or incomplete.
#
#  Out of Memory Error (./open/src/hotspot/os/windows/os_windows.cpp:3315), pid=2656, tid=21608
#
# JRE version:  (14.0.1+7) (build )
# Java VM: Java HotSpot(TM) 64-Bit Server VM (14.0.1+7, mixed mode, sharing, tiered, compressed oops, g1 gc, windows-amd64)
# No core dump will be written. Minidumps are not enabled by default on client versions of Windows
#

---------------  S U M M A R Y ------------

Command Line: -XX:TieredStopAtLevel=1 -Xverify:none -Dspring.output.ansi.enabled=always -Dcom.sun.management.jmxremote -Dspring.jmx.enabled=true -Dspring.liveBeansView.mbeanDomain -Dspring.application.admin.enabled=true -javaagent:D:\IntelliJ IDEA 2020.1\lib\idea_rt.jar=50532:D:\IntelliJ IDEA 2020.1\bin -Dfile.encoding=UTF-8 com.atguigu.eduservice.EduApplication

Host: Intel(R) Core(TM) i7-8550U CPU @ 1.80GHz, 8 cores, 15G,  Windows 10 , 64 bit Build 18362 (10.0.18362.778)
Time: Fri Jun  5 17:42:58 2020 ?D1¨²¡À¨º¡Á?¨º¡À?? elapsed time: 0 seconds (0d 0h 0m 0s)

---------------  T H R E A D  ---------------

Current thread (0x0000024e831f1000):  JavaThread "Unknown thread" [_thread_in_vm, id=21608, stack(0x0000005705300000,0x0000005705400000)]

Stack: [0x0000005705300000,0x0000005705400000]
Native frames: (J=compiled Java code, j=interpreted, Vv=VM code, C=native code)
V  [jvm.dll+0x5f840a]
V  [jvm.dll+0x741e4a]
V  [jvm.dll+0x7435ff]
V  [jvm.dll+0x743c43]
V  [jvm.dll+0x20d288]
V  [jvm.dll+0x5f57ba]
V  [jvm.dll+0x5ea615]
V  [jvm.dll+0x2c7e9c]
V  [jvm.dll+0x2c7cd2]
V  [jvm.dll+0x2cdbbc]
V  [jvm.dll+0x313ff8]
V  [jvm.dll+0x313720]
V  [jvm.dll+0x2a092a]
V  [jvm.dll+0x2a1a79]
V  [jvm.dll+0x71f718]
V  [jvm.dll+0x321c44]
V  [jvm.dll+0x700b0c]
V  [jvm.dll+0x392dff]
V  [jvm.dll+0x394e71]
C  [jli.dll+0x523b]
C  [ucrtbase.dll+0x20e82]
C  [KERNEL32.DLL+0x17bd4]
C  [ntdll.dll+0x6ce51]


---------------  P R O C E S S  ---------------

Threads class SMR info:
_java_thread_list=0x00007ffe15983078, length=0, elements={
}

Java Threads: ( => current thread )

Other Threads:
  0x0000024e83253800 GCTaskThread "GC Thread#0" [stack: 0x0000005705400000,0x0000005705500000] [id=16508]
  0x0000024e83274800 ConcurrentGCThread "G1 Main Marker" [stack: 0x0000005705500000,0x0000005705600000] [id=22108]
  0x0000024e83277800 ConcurrentGCThread "G1 Conc#0" [stack: 0x0000005705600000,0x0000005705700000] [id=10840]

[error occurred during error reporting (printing all threads), id 0xc0000005, EXCEPTION_ACCESS_VIOLATION (0xc0000005) at pc=0x00007ffe151b1257]

VM state:not at safepoint (not fully initialized)

VM Mutex/Monitor currently owned by a thread:  ([mutex/lock_event])
[0x0000024e831ee3e0] Heap_lock - owner thread: 0x0000024e831f1000

Heap address: 0x0000000702600000, size: 4058 MB, Compressed Oops mode: Zero based, Oop shift amount: 3
Narrow klass base: 0x0000000000000000, Narrow klass shift: 0

GC Heap History (0 events):
No events

Deoptimization events (0 events):
No events

Classes unloaded (0 events):
No events

Classes redefined (0 events):
No events

Internal exceptions (0 events):
No events

Events (2 events):
Event: 0.010 Loaded shared library D:\jdk-14.0.1\bin\java.dll
Event: 0.011 Loaded shared library D:\jdk-14.0.1\bin\zip.dll


Dynamic libraries:
0x00007ff756be0000 - 0x00007ff756bef000 	D:\jdk-14.0.1\bin\java.exe
0x00007ffe68f60000 - 0x00007ffe69150000 	C:\Windows\SYSTEM32\ntdll.dll
0x00007ffe67770000 - 0x00007ffe67822000 	C:\Windows\System32\KERNEL32.DLL
0x00007ffe65ef0000 - 0x00007ffe66194000 	C:\Windows\System32\KERNELBASE.dll
0x00007ffe66ae0000 - 0x00007ffe66bda000 	C:\Windows\System32\ucrtbase.dll
0x00007ffe3fc70000 - 0x00007ffe3fc85000 	D:\jdk-14.0.1\bin\VCRUNTIME140.dll
0x00007ffe407e0000 - 0x00007ffe407f8000 	D:\jdk-14.0.1\bin\jli.dll
0x00007ffe68940000 - 0x00007ffe689e3000 	C:\Windows\System32\ADVAPI32.dll
0x00007ffe671f0000 - 0x00007ffe6728e000 	C:\Windows\System32\msvcrt.dll
0x00007ffe68b10000 - 0x00007ffe68ba7000 	C:\Windows\System32\sechost.dll
0x00007ffe689f0000 - 0x00007ffe68b10000 	C:\Windows\System32\RPCRT4.dll
0x00007ffe673e0000 - 0x00007ffe67574000 	C:\Windows\System32\USER32.dll
0x00007ffe66ef0000 - 0x00007ffe66f11000 	C:\Windows\System32\win32u.dll
0x00007ffe50f50000 - 0x00007ffe511d4000 	C:\Windows\WinSxS\amd64_microsoft.windows.common-controls_6595b64144ccf1df_6.0.18362.836_none_e6c4b943130f18ed\COMCTL32.dll
0x00007ffe671b0000 - 0x00007ffe671d6000 	C:\Windows\System32\GDI32.dll
0x00007ffe68000000 - 0x00007ffe68336000 	C:\Windows\System32\combase.dll
0x00007ffe661c0000 - 0x00007ffe66354000 	C:\Windows\System32\gdi32full.dll
0x00007ffe66f20000 - 0x00007ffe66fbe000 	C:\Windows\System32\msvcp_win.dll
0x00007ffe66be0000 - 0x00007ffe66c60000 	C:\Windows\System32\bcryptPrimitives.dll
0x00007ffe5ced0000 - 0x00007ffe5ceda000 	C:\Windows\SYSTEM32\VERSION.dll
0x00007ffe67740000 - 0x00007ffe6776e000 	C:\Windows\System32\IMM32.DLL
0x00007ffe1fb60000 - 0x00007ffe1fbfb000 	D:\jdk-14.0.1\bin\msvcp140.dll
0x00007ffe14f00000 - 0x00007ffe15a1e000 	D:\jdk-14.0.1\bin\server\jvm.dll
0x00007ffe671e0000 - 0x00007ffe671e8000 	C:\Windows\System32\PSAPI.DLL
0x00007ffe61c50000 - 0x00007ffe61c74000 	C:\Windows\SYSTEM32\WINMM.dll
0x00007ffe50080000 - 0x00007ffe50089000 	C:\Windows\SYSTEM32\WSOCK32.dll
0x00007ffe68eb0000 - 0x00007ffe68f1f000 	C:\Windows\System32\WS2_32.dll
0x00007ffe61c20000 - 0x00007ffe61c4d000 	C:\Windows\SYSTEM32\winmmbase.dll
0x00007ffe66fc0000 - 0x00007ffe6700a000 	C:\Windows\System32\cfgmgr32.dll
0x00007ffe65e30000 - 0x00007ffe65e41000 	C:\Windows\System32\kernel.appcore.dll
0x00007ffe5d010000 - 0x00007ffe5d01a000 	D:\jdk-14.0.1\bin\jimage.dll
0x00007ffe64700000 - 0x00007ffe648f4000 	C:\Windows\SYSTEM32\DBGHELP.DLL
0x00007ffe4e350000 - 0x00007ffe4e37a000 	C:\Windows\SYSTEM32\dbgcore.DLL
0x00007ffe5f830000 - 0x00007ffe5f83e000 	D:\jdk-14.0.1\bin\instrument.dll
0x00007ffe31080000 - 0x00007ffe310a5000 	D:\jdk-14.0.1\bin\java.dll
0x00007ffe3fb00000 - 0x00007ffe3fb16000 	D:\jdk-14.0.1\bin\zip.dll

dbghelp: loaded successfully - version: 4.0.5 - missing functions: none
symbol engine: initialized successfully - sym options: 0x614 - pdb path: .;D:\jdk-14.0.1\bin;C:\Windows\SYSTEM32;C:\Windows\WinSxS\amd64_microsoft.windows.common-controls_6595b64144ccf1df_6.0.18362.836_none_e6c4b943130f18ed;D:\jdk-14.0.1\bin\server

VM Arguments:
jvm_args: -XX:TieredStopAtLevel=1 -Xverify:none -Dspring.output.ansi.enabled=always -Dcom.sun.management.jmxremote -Dspring.jmx.enabled=true -Dspring.liveBeansView.mbeanDomain -Dspring.application.admin.enabled=true -javaagent:D:\IntelliJ IDEA 2020.1\lib\idea_rt.jar=50532:D:\IntelliJ IDEA 2020.1\bin -Dfile.encoding=UTF-8 
java_command: com.atguigu.eduservice.EduApplication
java_class_path (initial): D:\oneDrive_personal\OneDrive - mail.scut.edu.cn\Java_Project\guli\java\service\service_edu\target\classes;D:\oneDrive_personal\OneDrive - mail.scut.edu.cn\Java_Project\guli\java\common\common_utils\target\classes;D:\apache-maven-3.6.3\local\io\jsonwebtoken\jjwt\0.7.0\jjwt-0.7.0.jar;D:\apache-maven-3.6.3\local\com\fasterxml\jackson\core\jackson-databind\2.10.0\jackson-databind-2.10.0.jar;D:\apache-maven-3.6.3\local\org\springframework\boot\spring-boot-starter-data-redis\2.2.1.RELEASE\spring-boot-starter-data-redis-2.2.1.RELEASE.jar;D:\apache-maven-3.6.3\local\org\springframework\data\spring-data-redis\2.2.1.RELEASE\spring-data-redis-2.2.1.RELEASE.jar;D:\apache-maven-3.6.3\local\org\springframework\data\spring-data-keyvalue\2.2.1.RELEASE\spring-data-keyvalue-2.2.1.RELEASE.jar;D:\apache-maven-3.6.3\local\org\springframework\data\spring-data-commons\2.2.1.RELEASE\spring-data-commons-2.2.1.RELEASE.jar;D:\apache-maven-3.6.3\local\org\springframework\spring-tx\5.2.1.RELEASE\spring-tx-5.2.1.RELEASE.jar;D:\apache-maven-3.6.3\local\org\springframework\spring-oxm\5.2.1.RELEASE\spring-oxm-5.2.1.RELEASE.jar;D:\apache-maven-3.6.3\local\org\springframework\spring-context-support\5.2.1.RELEASE\spring-context-support-5.2.1.RELEASE.jar;D:\apache-maven-3.6.3\local\io\lettuce\lettuce-core\5.2.1.RELEASE\lettuce-core-5.2.1.RELEASE.jar;D:\apache-maven-3.6.3\local\io\netty\netty-common\4.1.43.Final\netty-common-4.1.43.Final.jar;D:\apache-maven-3.6.3\local\io\netty\netty-handler\4.1.43.Final\netty-handler-4.1.43.Final.jar;D:\apache-maven-3.6.3\local\io\netty\netty-buffer\4.1.43.Final\netty-buffer-4.1.43.Final.jar;D:\apache-maven-3.6.3\local\io\netty\netty-codec\4.1.43.Final\netty-codec-4.1.43.Final.jar;D:\apache-maven-3.6.3\local\io\netty\netty-transport\4.1.43.Final\netty-transport-4.1.43.Final.jar;D:\apache-maven-3.6.3\local\io\netty\netty-resolver\4.1.43.Final\netty-resolver-4.1.43.Final.jar;D:\apache-maven-3.6.3\local\io\projectreactor\reactor-core\3.3.0.RE
Launcher Type: SUN_STANDARD

[Global flags]
     intx CICompilerCount                          = 4                                         {product} {ergonomic}
     uint ConcGCThreads                            = 2                                         {product} {ergonomic}
     uint G1ConcRefinementThreads                  = 8                                         {product} {ergonomic}
   size_t G1HeapRegionSize                         = 1048576                                   {product} {ergonomic}
    uintx GCDrainStackTargetSize                   = 64                                        {product} {ergonomic}
   size_t InitialHeapSize                          = 266338304                                 {product} {ergonomic}
     bool ManagementServer                         = true                                      {product} {command line}
   size_t MarkStackSize                            = 4194304                                   {product} {ergonomic}
   size_t MaxHeapSize                              = 4255121408                                {product} {ergonomic}
   size_t MinHeapDeltaBytes                        = 1048576                                   {product} {ergonomic}
   size_t MinHeapSize                              = 8388608                                   {product} {ergonomic}
    uintx NonNMethodCodeHeapSize                   = 7549744                                {pd product} {ergonomic}
    uintx NonProfiledCodeHeapSize                  = 244108496                              {pd product} {ergonomic}
    uintx ProfiledCodeHeapSize                     = 0                                      {pd product} {ergonomic}
    uintx ReservedCodeCacheSize                    = 251658240                              {pd product} {ergonomic}
     bool SegmentedCodeCache                       = true                                      {product} {ergonomic}
   size_t SoftMaxHeapSize                          = 4255121408                             {manageable} {ergonomic}
     intx TieredStopAtLevel                        = 1                                         {product} {command line}
     bool UseCompressedClassPointers               = true                                 {lp64_product} {ergonomic}
     bool UseCompressedOops                        = true                                 {lp64_product} {ergonomic}
     bool UseG1GC                                  = true                                      {product} {ergonomic}
     bool UseLargePagesIndividualAllocation        = false                                  {pd product} {ergonomic}

Logging:
Log output configuration:
 #0: stdout all=warning uptime,level,tags
 #1: stderr all=off uptime,level,tags

Environment Variables:
JAVA_HOME=D:\jdk-14.0.1
CLASSPATH=.;D:\jdk-14.0.1\lib;D:\jdk-14.0.1\lib\tools.jar
PATH=D:\Anaconda;D:\Anaconda\Library\mingw-w64\bin;D:\Anaconda\Library\usr\bin;D:\Anaconda\Library\bin;D:\Anaconda\Scripts;C:\Python38\Scripts\;C:\Python38\;C:\Program Files\Intel\iCLS Client\;C:\Windows\system32;C:\Windows;C:\Windows\System32\Wbem;C:\Windows\System32\WindowsPowerShell\v1.0\;C:\Windows\System32\OpenSSH\;C:\Program Files (x86)\Intel\Intel(R) Management Engine Components\DAL;C:\Program Files\Intel\Intel(R) Management Engine Components\DAL;C:\Program Files (x86)\Intel\Intel(R) Management Engine Components\IPT;C:\Program Files\Intel\Intel(R) Management Engine Components\IPT;D:\apache-maven-3.6.3\bin;D:\jdk-14.0.1\bin;D:\jdk-14.0.1\jre\bin;C:\Program Files\Intel\WiFi\bin\;C:\Program Files\Common Files\Intel\WirelessCommon\;C:\Program Files\Git\cmd;C:\ProgramData\chocolatey\bin;C:\Program Files\MySQL\MySQL Server 8.0\bin;C:\Program Files\nodejs\;D:\Redis\;C:\Program Files\MySQL\MySQL Shell 8.0\bin\;C:\Users\Administrator\AppData\Local\Microsoft\WindowsApps;C:\Users\Administrator\AppData\Roaming\npm;D:\Microsoft VS Code\bin
USERNAME=Administrator
OS=Windows_NT
PROCESSOR_IDENTIFIER=Intel64 Family 6 Model 142 Stepping 10, GenuineIntel



---------------  S Y S T E M  ---------------

OS: Windows 10 , 64 bit Build 18362 (10.0.18362.778)
OS uptime: 0 days 21:30 hours

CPU:total 8 (initial active 8) (4 cores per cpu, 2 threads per core) family 6 model 142 stepping 10, cmov, cx8, fxsr, mmx, sse, sse2, sse3, ssse3, sse4.1, sse4.2, popcnt, avx, avx2, aes, clmul, erms, 3dnowpref, lzcnt, ht, tsc, tscinvbit, bmi1, bmi2, adx, fma

Memory: 4k page, system-wide physical 16226M (941M free)
TotalPageFile size 32610M (AvailPageFile size 133M)
current process WorkingSet (physical memory assigned to process): 10M, peak: 10M
current process commit charge ("private bytes"): 58M, peak: 312M

vm_info: Java HotSpot(TM) 64-Bit Server VM (14.0.1+7) for windows-amd64 JRE (14.0.1+7), built on Mar  5 2020 10:30:14 by "mach5one" with MS VC++ 15.9 (VS2017)

END.
